Performing C SOURCE FILE Test CMAKE_HAVE_LIBC_PTHREAD failed with the following output:
Change Dir: /home/user/Desktop/Account1/build/CMakeFiles/CMakeTmp

Run Build Command(s):/usr/bin/make cmTC_29f92/fast && /usr/bin/make -f CMakeFiles/cmTC_29f92.dir/build.make CMakeFiles/cmTC_29f92.dir/build
make[1]: Entering directory '/home/user/Desktop/Account1/build/CMakeFiles/CMakeTmp'
Building C object CMakeFiles/cmTC_29f92.dir/src.c.o
/bin/c99-gcc   -DCMAKE_HAVE_LIBC_PTHREAD   -o CMakeFiles/cmTC_29f92.dir/src.c.o   -c /home/user/Desktop/Account1/build/CMakeFiles/CMakeTmp/src.c
Linking C executable cmTC_29f92
/usr/bin/cmake -E cmake_link_script CMakeFiles/cmTC_29f92.dir/link.txt --verbose=1
/bin/c99-gcc  -DCMAKE_HAVE_LIBC_PTHREAD    -rdynamic CMakeFiles/cmTC_29f92.dir/src.c.o  -o cmTC_29f92 
/usr/bin/ld: CMakeFiles/cmTC_29f92.dir/src.c.o: in function `main':
src.c:(.text+0x46): undefined reference to `pthread_create'
/usr/bin/ld: src.c:(.text+0x52): undefined reference to `pthread_detach'
/usr/bin/ld: src.c:(.text+0x63): undefined reference to `pthread_join'
collect2: error: ld returned 1 exit status
make[1]: *** [CMakeFiles/cmTC_29f92.dir/build.make:87: cmTC_29f92] Error 1
make[1]: Leaving directory '/home/user/Desktop/Account1/build/CMakeFiles/CMakeTmp'
make: *** [Makefile:121: cmTC_29f92/fast] Error 2


Source file was:
#include <pthread.h>

void* test_func(void* data)
{
  return data;
}

int main(void)
{
  pthread_t thread;
  pthread_create(&thread, NULL, test_func, NULL);
  pthread_detach(thread);
  pthread_join(thread, NULL);
  pthread_atfork(NULL, NULL, NULL);
  pthread_exit(NULL);

  return 0;
}

Determining if the function pthread_create exists in the pthreads failed with the following output:
Change Dir: /home/user/Desktop/Account1/build/CMakeFiles/CMakeTmp

Run Build Command(s):/usr/bin/make cmTC_3c37b/fast && /usr/bin/make -f CMakeFiles/cmTC_3c37b.dir/build.make CMakeFiles/cmTC_3c37b.dir/build
make[1]: Entering directory '/home/user/Desktop/Account1/build/CMakeFiles/CMakeTmp'
Building C object CMakeFiles/cmTC_3c37b.dir/CheckFunctionExists.c.o
/bin/c99-gcc   -DCHECK_FUNCTION_EXISTS=pthread_create   -o CMakeFiles/cmTC_3c37b.dir/CheckFunctionExists.c.o   -c /usr/share/cmake-3.16/Modules/CheckFunctionExists.c
Linking C executable cmTC_3c37b
/usr/bin/cmake -E cmake_link_script CMakeFiles/cmTC_3c37b.dir/link.txt --verbose=1
/bin/c99-gcc  -DCHECK_FUNCTION_EXISTS=pthread_create    -rdynamic CMakeFiles/cmTC_3c37b.dir/CheckFunctionExists.c.o  -o cmTC_3c37b  -lpthreads 
/usr/bin/ld: cannot find -lpthreads
collect2: error: ld returned 1 exit status
make[1]: *** [CMakeFiles/cmTC_3c37b.dir/build.make:87: cmTC_3c37b] Error 1
make[1]: Leaving directory '/home/user/Desktop/Account1/build/CMakeFiles/CMakeTmp'
make: *** [Makefile:121: cmTC_3c37b/fast] Error 2



